<?xml version="1.0" encoding="UTF-8"?>
<!-- Generated by org.testng.reporters.JUnitReportReporter -->
<testsuite hostname="LAPTOP-84D7O3F5" failures="0" tests="2" name="com.qa.hs.tests.LoginTest" time="6.703" errors="0" timestamp="22 Jul 2022 10:47:19 GMT" skipped="0">
  <testcase classname="com.qa.hs.tests.LoginTest" name="loginTest" time="3.507"/>
  <testcase classname="com.qa.hs.tests.LoginTest" name="signUpTest" time="3.196"/>
</testsuite> <!-- com.qa.hs.tests.LoginTest -->
