<?xml version="1.0" encoding="UTF-8"?>
<!-- Generated by org.testng.reporters.JUnitReportReporter -->
<testsuite hostname="LAPTOP-84D7O3F5" failures="0" tests="2" name="com.qa.hs.tests.LoginTest" time="11.596" errors="0" timestamp="26 Jul 2022 12:13:01 GMT" skipped="0">
  <testcase classname="com.qa.hs.tests.LoginTest" name="loginTest" time="6.940"/>
  <testcase classname="com.qa.hs.tests.LoginTest" name="signUpTest" time="4.656"/>
</testsuite> <!-- com.qa.hs.tests.LoginTest -->
